INFO:root:Ticket #20858: Ticket Fields Updated
INFO:root:Ticket #20858: Assigned to NORBERT NIESSNER <norbert.niessner@opel.com>
INFO:root:Ticket #20857: Ticket Fields Updated
INFO:root:Ticket #20857: Assigned to JOHANNES SCHROLL <johannes.schroll@opel.com>
INFO:root:Ticket #20863: Ticket Fields Updated
INFO:root:Ticket #20863: Assigned to Juan Piedra Urena <juan.piedraurena@publicisresources.com>
INFO:root:Ticket #20863: Updated with: Pub Com Consumer User not on Pre-approved list
INFO:root:Ticket #20864: Ticket Fields Updated
INFO:root:Ticket #20865: Ticket Fields Updated
INFO:root:Ticket #20865: Assigned to Garcia Madrigal Juan Pablo <juanpablo.garciamadrigal@publicisresources.com>
INFO:root:Ticket #20864: Ticket Fields Updated
INFO:root:Ticket #20864: Assigned to Venegas Torres Sharon Maria <sharon.venegastorres@publicisresources.com>
INFO:root:Ticket #20865: Ticket Fields Updated
INFO:root:Ticket #20865: Assigned to Garcia Madrigal Juan Pablo <juanpablo.garciamadrigal@publicisresources.com>
INFO:root:Ticket #20865: Ticket Fields Updated
INFO:root:Ticket #20865: Assigned to Garcia Madrigal Juan Pablo <juanpablo.garciamadrigal@publicisresources.com>
INFO:root:Ticket #20865: Ticket Fields Updated
INFO:root:Ticket #20865: Assigned to Garcia Madrigal Juan Pablo <juanpablo.garciamadrigal@publicisresources.com>
INFO:root:Ticket #20865: Ticket Fields Updated
INFO:root:Ticket #20865: Assigned to Garcia Madrigal Juan Pablo <juanpablo.garciamadrigal@publicisresources.com>
INFO:root:Ticket #20865: Ticket Fields Updated
INFO:root:Ticket #20865: Assigned to Garcia Madrigal Juan Pablo <juanpablo.garciamadrigal@publicisresources.com>
INFO:root:Ticket #20865: Ticket Fields Updated
INFO:root:Ticket #20865: Assigned to Garcia Madrigal Juan Pablo <juanpablo.garciamadrigal@publicisresources.com>
INFO:root:Ticket #20864: Ticket Fields Updated
INFO:root:Ticket #20864: Assigned to Venegas Torres Sharon Maria <sharon.venegastorres@publicisresources.com>
INFO:root:Ticket #20865: Ticket Fields Updated
INFO:root:Ticket #20865: Assigned to Garcia Madrigal Juan Pablo <juanpablo.garciamadrigal@publicisresources.com>
INFO:root:Ticket #20864: Ticket Fields Updated
INFO:root:Ticket #20864: Assigned to Venegas Torres Sharon Maria <sharon.venegastorres@publicisresources.com>
